<?xml version="1.0" encoding="UTF-8" ?>
<testsuite tests="8" failures="0" name="com.revature.test.TestIllegalDao" time="1.025" errors="0" skipped="0">
  <properties>
[...]
</properties>
  <testcase classname="com.revature.test.TestIllegalDao" name="testMergeUser" time="0.233"/>
  <testcase classname="com.revature.test.TestIllegalDao" name="testGetLanes" time="0.042"/>
  <testcase classname="com.revature.test.TestIllegalDao" name="testGetUsers" time="0.044"/>
  <testcase classname="com.revature.test.TestIllegalDao" name="testCreateCards" time="0.047"/>
  <testcase classname="com.revature.test.TestIllegalDao" name="testCreateLanes" time="0.046"/>
  <testcase classname="com.revature.test.TestIllegalDao" name="testCreateTasks" time="0.05"/>
  <testcase classname="com.revature.test.TestIllegalDao" name="testValidateLogin" time="0.519"/>
  <testcase classname="com.revature.test.TestIllegalDao" name="testCreateBoards" time="0.044"/>
</testsuite>